# JRE version: OpenJDK Runtime Environment Temurin-21.0.6+7 (21.0.6+7) (build 21.0.6+7-LTS)
# Java VM: OpenJDK 64-Bit Server VM Temurin-21.0.6+7 (21.0.6+7-LTS, mixed mode, sharing, tiered, compressed oops, compressed class ptrs, parallel gc, windows-amd64)
GC Precious Log:
 CardTable entry size: 512
 CPUs: 4 total, 4 available
 Memory: 7867M
 Large Page Support: Disabled
 NUMA Support: Disabled
 Compressed Oops: Enabled (32-bit)
 Alignments: Space 512K, Generation 512K, Heap 2M
 Heap Min Capacity: 100M
 Heap Initial Capacity: 100M
 Heap Max Capacity: 1G
 Pre-touch: Disabled
 Parallel Workers: 4
Heap:
 PSYoungGen      total 17920K, used 10154K [0x00000000eab00000, 0x00000000ec300000, 0x0000000100000000)
  eden space 16896K, 54% used [0x00000000eab00000,0x00000000eb3eaac0,0x00000000ebb80000)
  from space 1024K, 99% used [0x00000000ebe80000,0x00000000ebf7feb0,0x00000000ebf80000)
  to   space 3072K, 0% used [0x00000000ebb80000,0x00000000ebb80000,0x00000000ebe80000)
 ParOldGen       total 68608K, used 64932K [0x00000000c0000000, 0x00000000c4300000, 0x00000000eab00000)
  object space 68608K, 94% used [0x00000000c0000000,0x00000000c3f692f8,0x00000000c4300000)
 Metaspace       used 50866K, committed 52032K, reserved 1114112K
  class space    used 5297K, committed 5824K, reserved 1048576K
GC Heap History (20 events):
Event: 26.397 GC heap before
{Heap before GC invocations=31 (full 2):
 PSYoungGen      total 23040K, used 22976K [0x00000000eab00000, 0x00000000ec380000, 0x0000000100000000)
  eden space 20992K, 100% used [0x00000000eab00000,0x00000000ebf80000,0x00000000ebf80000)
  from space 2048K, 96% used [0x00000000ec180000,0x00000000ec370010,0x00000000ec380000)
  to   space 2048K, 0% used [0x00000000ebf80000,0x00000000ebf80000,0x00000000ec180000)
 ParOldGen       total 68608K, used 47873K [0x00000000c0000000, 0x00000000c4300000, 0x00000000eab00000)
  object space 68608K, 69% used [0x00000000c0000000,0x00000000c2ec0570,0x00000000c4300000)
 Metaspace       used 47480K, committed 48640K, reserved 1114112K
  class space    used 4968K, committed 5440K, reserved 1048576K
}
Event: 26.402 GC heap after
{Heap after GC invocations=31 (full 2):
 PSYoungGen      total 23040K, used 1787K [0x00000000eab00000, 0x00000000ec380000, 0x0000000100000000)
  eden space 20992K, 0% used [0x00000000eab00000,0x00000000eab00000,0x00000000ebf80000)
  from space 2048K, 87% used [0x00000000ebf80000,0x00000000ec13ec08,0x00000000ec180000)
  to   space 2048K, 0% used [0x00000000ec180000,0x00000000ec180000,0x00000000ec380000)
 ParOldGen       total 68608K, used 49795K [0x00000000c0000000, 0x00000000c4300000, 0x00000000eab00000)
  object space 68608K, 72% used [0x00000000c0000000,0x00000000c30a0f00,0x00000000c4300000)
 Metaspace       used 47480K, committed 48640K, reserved 1114112K
  class space    used 4968K, committed 5440K, reserved 1048576K
}
Event: 26.588 GC heap before
{Heap before GC invocations=32 (full 2):
 PSYoungGen      total 23040K, used 22779K [0x00000000eab00000, 0x00000000ec380000, 0x0000000100000000)
  eden space 20992K, 100% used [0x00000000eab00000,0x00000000ebf80000,0x00000000ebf80000)
  from space 2048K, 87% used [0x00000000ebf80000,0x00000000ec13ec08,0x00000000ec180000)
  to   space 2048K, 0% used [0x00000000ec180000,0x00000000ec180000,0x00000000ec380000)
 ParOldGen       total 68608K, used 49795K [0x00000000c0000000, 0x00000000c4300000, 0x00000000eab00000)
  object space 68608K, 72% used [0x00000000c0000000,0x00000000c30a0f00,0x00000000c4300000)
 Metaspace       used 47498K, committed 48640K, reserved 1114112K
  class space    used 4968K, committed 5440K, reserved 1048576K
}
Event: 26.595 GC heap after
{Heap after GC invocations=32 (full 2):
 PSYoungGen      total 20480K, used 2024K [0x00000000eab00000, 0x00000000ec880000, 0x0000000100000000)
  eden space 18432K, 0% used [0x00000000eab00000,0x00000000eab00000,0x00000000ebd00000)
  from space 2048K, 98% used [0x00000000ec180000,0x00000000ec37a000,0x00000000ec380000)
  to   space 4608K, 0% used [0x00000000ebd00000,0x00000000ebd00000,0x00000000ec180000)
 ParOldGen       total 68608K, used 51903K [0x00000000c0000000, 0x00000000c4300000, 0x00000000eab00000)
  object space 68608K, 75% used [0x00000000c0000000,0x00000000c32afdf0,0x00000000c4300000)
 Metaspace       used 47498K, committed 48640K, reserved 1114112K
  class space    used 4968K, committed 5440K, reserved 1048576K
}
Event: 26.768 GC heap before
{Heap before GC invocations=33 (full 2):
 PSYoungGen      total 20480K, used 20456K [0x00000000eab00000, 0x00000000ec880000, 0x0000000100000000)
  eden space 18432K, 100% used [0x00000000eab00000,0x00000000ebd00000,0x00000000ebd00000)
  from space 2048K, 98% used [0x00000000ec180000,0x00000000ec37a000,0x00000000ec380000)
  to   space 4608K, 0% used [0x00000000ebd00000,0x00000000ebd00000,0x00000000ec180000)
 ParOldGen       total 68608K, used 51903K [0x00000000c0000000, 0x00000000c4300000, 0x00000000eab00000)
  object space 68608K, 75% used [0x00000000c0000000,0x00000000c32afdf0,0x00000000c4300000)
 Metaspace       used 47503K, committed 48640K, reserved 1114112K
  class space    used 4968K, committed 5440K, reserved 1048576K
}
Event: 26.773 GC heap after
{Heap after GC invocations=33 (full 2):
 PSYoungGen      total 20480K, used 1984K [0x00000000eab00000, 0x00000000ec300000, 0x0000000100000000)
  eden space 18432K, 0% used [0x00000000eab00000,0x00000000eab00000,0x00000000ebd00000)
  from space 2048K, 96% used [0x00000000ebd00000,0x00000000ebef0010,0x00000000ebf00000)
  to   space 3072K, 0% used [0x00000000ec000000,0x00000000ec000000,0x00000000ec300000)
 ParOldGen       total 68608K, used 53938K [0x00000000c0000000, 0x00000000c4300000, 0x00000000eab00000)
  object space 68608K, 78% used [0x00000000c0000000,0x00000000c34acaf0,0x00000000c4300000)
 Metaspace       used 47503K, committed 48640K, reserved 1114112K
  class space    used 4968K, committed 5440K, reserved 1048576K
}
Event: 26.934 GC heap before
{Heap before GC invocations=34 (full 2):
 PSYoungGen      total 20480K, used 20416K [0x00000000eab00000, 0x00000000ec300000, 0x0000000100000000)
  eden space 18432K, 100% used [0x00000000eab00000,0x00000000ebd00000,0x00000000ebd00000)
  from space 2048K, 96% used [0x00000000ebd00000,0x00000000ebef0010,0x00000000ebf00000)
  to   space 3072K, 0% used [0x00000000ec000000,0x00000000ec000000,0x00000000ec300000)
 ParOldGen       total 68608K, used 53938K [0x00000000c0000000, 0x00000000c4300000, 0x00000000eab00000)
  object space 68608K, 78% used [0x00000000c0000000,0x00000000c34acaf0,0x00000000c4300000)
 Metaspace       used 47519K, committed 48640K, reserved 1114112K
  class space    used 4968K, committed 5440K, reserved 1048576K
}
Event: 26.940 GC heap after
{Heap after GC invocations=34 (full 2):
 PSYoungGen      total 20480K, used 1568K [0x00000000eab00000, 0x00000000ec200000, 0x0000000100000000)
  eden space 18432K, 0% used [0x00000000eab00000,0x00000000eab00000,0x00000000ebd00000)
  from space 2048K, 76% used [0x00000000ec000000,0x00000000ec188000,0x00000000ec200000)
  to   space 2048K, 0% used [0x00000000ebd00000,0x00000000ebd00000,0x00000000ebf00000)
 ParOldGen       total 68608K, used 55822K [0x00000000c0000000, 0x00000000c4300000, 0x00000000eab00000)
  object space 68608K, 81% used [0x00000000c0000000,0x00000000c3683a88,0x00000000c4300000)
 Metaspace       used 47519K, committed 48640K, reserved 1114112K
  class space    used 4968K, committed 5440K, reserved 1048576K
}
Event: 27.107 GC heap before
{Heap before GC invocations=35 (full 2):
 PSYoungGen      total 20480K, used 20000K [0x00000000eab00000, 0x00000000ec200000, 0x0000000100000000)
  eden space 18432K, 100% used [0x00000000eab00000,0x00000000ebd00000,0x00000000ebd00000)
  from space 2048K, 76% used [0x00000000ec000000,0x00000000ec188000,0x00000000ec200000)
  to   space 2048K, 0% used [0x00000000ebd00000,0x00000000ebd00000,0x00000000ebf00000)
 ParOldGen       total 68608K, used 55822K [0x00000000c0000000, 0x00000000c4300000, 0x00000000eab00000)
  object space 68608K, 81% used [0x00000000c0000000,0x00000000c3683a88,0x00000000c4300000)
 Metaspace       used 47531K, committed 48640K, reserved 1114112K
  class space    used 4968K, committed 5440K, reserved 1048576K
}
Event: 27.115 GC heap after
{Heap after GC invocations=35 (full 2):
 PSYoungGen      total 20480K, used 1600K [0x00000000eab00000, 0x00000000ec100000, 0x0000000100000000)
  eden space 18432K, 0% used [0x00000000eab00000,0x00000000eab00000,0x00000000ebd00000)
  from space 2048K, 78% used [0x00000000ebd00000,0x00000000ebe90000,0x00000000ebf00000)
  to   space 2048K, 0% used [0x00000000ebf00000,0x00000000ebf00000,0x00000000ec100000)
 ParOldGen       total 68608K, used 57335K [0x00000000c0000000, 0x00000000c4300000, 0x00000000eab00000)
  object space 68608K, 83% used [0x00000000c0000000,0x00000000c37fdd30,0x00000000c4300000)
 Metaspace       used 47531K, committed 48640K, reserved 1114112K
  class space    used 4968K, committed 5440K, reserved 1048576K
}
Event: 27.253 GC heap before
{Heap before GC invocations=36 (full 2):
 PSYoungGen      total 20480K, used 20032K [0x00000000eab00000, 0x00000000ec100000, 0x0000000100000000)
  eden space 18432K, 100% used [0x00000000eab00000,0x00000000ebd00000,0x00000000ebd00000)
  from space 2048K, 78% used [0x00000000ebd00000,0x00000000ebe90000,0x00000000ebf00000)
  to   space 2048K, 0% used [0x00000000ebf00000,0x00000000ebf00000,0x00000000ec100000)
 ParOldGen       total 68608K, used 57335K [0x00000000c0000000, 0x00000000c4300000, 0x00000000eab00000)
  object space 68608K, 83% used [0x00000000c0000000,0x00000000c37fdd30,0x00000000c4300000)
 Metaspace       used 47593K, committed 48704K, reserved 1114112K
  class space    used 4968K, committed 5440K, reserved 1048576K
}
Event: 27.261 GC heap after
{Heap after GC invocations=36 (full 2):
 PSYoungGen      total 20480K, used 1792K [0x00000000eab00000, 0x00000000ec100000, 0x0000000100000000)
  eden space 18432K, 0% used [0x00000000eab00000,0x00000000eab00000,0x00000000ebd00000)
  from space 2048K, 87% used [0x00000000ebf00000,0x00000000ec0c0000,0x00000000ec100000)
  to   space 2048K, 0% used [0x00000000ebd00000,0x00000000ebd00000,0x00000000ebf00000)
 ParOldGen       total 68608K, used 58827K [0x00000000c0000000, 0x00000000c4300000, 0x00000000eab00000)
  object space 68608K, 85% used [0x00000000c0000000,0x00000000c3972e60,0x00000000c4300000)
 Metaspace       used 47593K, committed 48704K, reserved 1114112K
  class space    used 4968K, committed 5440K, reserved 1048576K
}
Event: 27.619 GC heap before
{Heap before GC invocations=37 (full 2):
 PSYoungGen      total 20480K, used 20224K [0x00000000eab00000, 0x00000000ec100000, 0x0000000100000000)
  eden space 18432K, 100% used [0x00000000eab00000,0x00000000ebd00000,0x00000000ebd00000)
  from space 2048K, 87% used [0x00000000ebf00000,0x00000000ec0c0000,0x00000000ec100000)
  to   space 2048K, 0% used [0x00000000ebd00000,0x00000000ebd00000,0x00000000ebf00000)
 ParOldGen       total 68608K, used 58827K [0x00000000c0000000, 0x00000000c4300000, 0x00000000eab00000)
  object space 68608K, 85% used [0x00000000c0000000,0x00000000c3972e60,0x00000000c4300000)
 Metaspace       used 47719K, committed 48832K, reserved 1114112K
  class space    used 4976K, committed 5440K, reserved 1048576K
}
Event: 27.632 GC heap after
{Heap after GC invocations=37 (full 2):
 PSYoungGen      total 20480K, used 1543K [0x00000000eab00000, 0x00000000ec100000, 0x0000000100000000)
  eden space 18432K, 0% used [0x00000000eab00000,0x00000000eab00000,0x00000000ebd00000)
  from space 2048K, 75% used [0x00000000ebd00000,0x00000000ebe81eb8,0x00000000ebf00000)
  to   space 2048K, 0% used [0x00000000ebf00000,0x00000000ebf00000,0x00000000ec100000)
 ParOldGen       total 68608K, used 61342K [0x00000000c0000000, 0x00000000c4300000, 0x00000000eab00000)
  object space 68608K, 89% used [0x00000000c0000000,0x00000000c3be79f0,0x00000000c4300000)
 Metaspace       used 47719K, committed 48832K, reserved 1114112K
  class space    used 4976K, committed 5440K, reserved 1048576K
}
Event: 28.192 GC heap before
{Heap before GC invocations=38 (full 2):
 PSYoungGen      total 20480K, used 19230K [0x00000000eab00000, 0x00000000ec100000, 0x0000000100000000)
  eden space 18432K, 95% used [0x00000000eab00000,0x00000000ebc45a18,0x00000000ebd00000)
  from space 2048K, 75% used [0x00000000ebd00000,0x00000000ebe81eb8,0x00000000ebf00000)
  to   space 2048K, 0% used [0x00000000ebf00000,0x00000000ebf00000,0x00000000ec100000)
 ParOldGen       total 68608K, used 61342K [0x00000000c0000000, 0x00000000c4300000, 0x00000000eab00000)
  object space 68608K, 89% used [0x00000000c0000000,0x00000000c3be79f0,0x00000000c4300000)
 Metaspace       used 48534K, committed 49664K, reserved 1114112K
  class space    used 5060K, committed 5504K, reserved 1048576K
}
Event: 28.197 GC heap after
{Heap after GC invocations=38 (full 2):
 PSYoungGen      total 19456K, used 919K [0x00000000eab00000, 0x00000000ec000000, 0x0000000100000000)
  eden space 18432K, 0% used [0x00000000eab00000,0x00000000eab00000,0x00000000ebd00000)
  from space 1024K, 89% used [0x00000000ebf00000,0x00000000ebfe5ed8,0x00000000ec000000)
  to   space 1536K, 0% used [0x00000000ebd00000,0x00000000ebd00000,0x00000000ebe80000)
 ParOldGen       total 68608K, used 62633K [0x00000000c0000000, 0x00000000c4300000, 0x00000000eab00000)
  object space 68608K, 91% used [0x00000000c0000000,0x00000000c3d2a7a8,0x00000000c4300000)
 Metaspace       used 48534K, committed 49664K, reserved 1114112K
  class space    used 5060K, committed 5504K, reserved 1048576K
}
Event: 29.338 GC heap before
{Heap before GC invocations=39 (full 2):
 PSYoungGen      total 19456K, used 19329K [0x00000000eab00000, 0x00000000ec000000, 0x0000000100000000)
  eden space 18432K, 99% used [0x00000000eab00000,0x00000000ebcfa6b0,0x00000000ebd00000)
  from space 1024K, 89% used [0x00000000ebf00000,0x00000000ebfe5ed8,0x00000000ec000000)
  to   space 1536K, 0% used [0x00000000ebd00000,0x00000000ebd00000,0x00000000ebe80000)
 ParOldGen       total 68608K, used 62633K [0x00000000c0000000, 0x00000000c4300000, 0x00000000eab00000)
  object space 68608K, 91% used [0x00000000c0000000,0x00000000c3d2a7a8,0x00000000c4300000)
 Metaspace       used 48724K, committed 49920K, reserved 1114112K
  class space    used 5084K, committed 5632K, reserved 1048576K
}
Event: 29.342 GC heap after
{Heap after GC invocations=39 (full 2):
 PSYoungGen      total 19968K, used 697K [0x00000000eab00000, 0x00000000ebf80000, 0x0000000100000000)
  eden space 18432K, 0% used [0x00000000eab00000,0x00000000eab00000,0x00000000ebd00000)
  from space 1536K, 45% used [0x00000000ebd00000,0x00000000ebdae490,0x00000000ebe80000)
  to   space 1024K, 0% used [0x00000000ebe80000,0x00000000ebe80000,0x00000000ebf80000)
 ParOldGen       total 68608K, used 63489K [0x00000000c0000000, 0x00000000c4300000, 0x00000000eab00000)
  object space 68608K, 92% used [0x00000000c0000000,0x00000000c3e00498,0x00000000c4300000)
 Metaspace       used 48724K, committed 49920K, reserved 1114112K
  class space    used 5084K, committed 5632K, reserved 1048576K
}
Event: 30.446 GC heap before
{Heap before GC invocations=40 (full 2):
 PSYoungGen      total 19968K, used 19129K [0x00000000eab00000, 0x00000000ebf80000, 0x0000000100000000)
  eden space 18432K, 100% used [0x00000000eab00000,0x00000000ebd00000,0x00000000ebd00000)
  from space 1536K, 45% used [0x00000000ebd00000,0x00000000ebdae490,0x00000000ebe80000)
  to   space 1024K, 0% used [0x00000000ebe80000,0x00000000ebe80000,0x00000000ebf80000)
 ParOldGen       total 68608K, used 63489K [0x00000000c0000000, 0x00000000c4300000, 0x00000000eab00000)
  object space 68608K, 92% used [0x00000000c0000000,0x00000000c3e00498,0x00000000c4300000)
 Metaspace       used 50471K, committed 51776K, reserved 1114112K
  class space    used 5263K, committed 5824K, reserved 1048576K
}
Event: 30.450 GC heap after
{Heap after GC invocations=40 (full 2):
 PSYoungGen      total 17920K, used 1023K [0x00000000eab00000, 0x00000000ec300000, 0x0000000100000000)
  eden space 16896K, 0% used [0x00000000eab00000,0x00000000eab00000,0x00000000ebb80000)
  from space 1024K, 99% used [0x00000000ebe80000,0x00000000ebf7feb0,0x00000000ebf80000)
  to   space 3072K, 0% used [0x00000000ebb80000,0x00000000ebb80000,0x00000000ebe80000)
 ParOldGen       total 68608K, used 64932K [0x00000000c0000000, 0x00000000c4300000, 0x00000000eab00000)
  object space 68608K, 94% used [0x00000000c0000000,0x00000000c3f692f8,0x00000000c4300000)
 Metaspace       used 50471K, committed 51776K, reserved 1114112K
  class space    used 5263K, committed 5824K, reserved 1048576K
}

