# JRE version: OpenJDK Runtime Environment Temurin-21.0.6+7 (21.0.6+7) (build 21.0.6+7-LTS)
# Java VM: OpenJDK 64-Bit Server VM Temurin-21.0.6+7 (21.0.6+7-LTS, mixed mode, sharing, tiered, compressed oops, compressed class ptrs, parallel gc, windows-amd64)
GC Precious Log:
 CardTable entry size: 512
 CPUs: 4 total, 4 available
 Memory: 7867M
 Large Page Support: Disabled
 NUMA Support: Disabled
 Compressed Oops: Enabled (32-bit)
 Alignments: Space 512K, Generation 512K, Heap 2M
 Heap Min Capacity: 100M
 Heap Initial Capacity: 100M
 Heap Max Capacity: 1G
 Pre-touch: Disabled
 Parallel Workers: 4
Heap:
 PSYoungGen      total 3584K, used 3200K [0x00000000eab00000, 0x00000000eaf80000, 0x0000000100000000)
  eden space 2560K, 100% used [0x00000000eab00000,0x00000000ead80000,0x00000000ead80000)
  from space 1024K, 62% used [0x00000000eae80000,0x00000000eaf20000,0x00000000eaf80000)
  to   space 1024K, 25% used [0x00000000ead80000,0x00000000eadc0000,0x00000000eae80000)
 ParOldGen       total 171520K, used 171472K [0x00000000c0000000, 0x00000000ca780000, 0x00000000eab00000)
  object space 171520K, 99% used [0x00000000c0000000,0x00000000ca774178,0x00000000ca780000)
 Metaspace       used 68407K, committed 69824K, reserved 1114112K
  class space    used 7278K, committed 7872K, reserved 1048576K
GC Heap History (20 events):
Event: 45.570 GC heap before
{Heap before GC invocations=204 (full 3):
 PSYoungGen      total 3584K, used 3169K [0x00000000eab00000, 0x00000000eaf80000, 0x0000000100000000)
  eden space 2560K, 98% used [0x00000000eab00000,0x00000000ead77308,0x00000000ead80000)
  from space 1024K, 62% used [0x00000000eae80000,0x00000000eaf21158,0x00000000eaf80000)
  to   space 1024K, 0% used [0x00000000ead80000,0x00000000ead80000,0x00000000eae80000)
 ParOldGen       total 164864K, used 164669K [0x00000000c0000000, 0x00000000ca100000, 0x00000000eab00000)
  object space 164864K, 99% used [0x00000000c0000000,0x00000000ca0cf598,0x00000000ca100000)
 Metaspace       used 68407K, committed 69824K, reserved 1114112K
  class space    used 7278K, committed 7872K, reserved 1048576K
}
Event: 45.573 GC heap after
{Heap after GC invocations=204 (full 3):
 PSYoungGen      total 3584K, used 667K [0x00000000eab00000, 0x00000000eaf80000, 0x0000000100000000)
  eden space 2560K, 0% used [0x00000000eab00000,0x00000000eab00000,0x00000000ead80000)
  from space 1024K, 65% used [0x00000000ead80000,0x00000000eae26e78,0x00000000eae80000)
  to   space 1024K, 0% used [0x00000000eae80000,0x00000000eae80000,0x00000000eaf80000)
 ParOldGen       total 165376K, used 165268K [0x00000000c0000000, 0x00000000ca180000, 0x00000000eab00000)
  object space 165376K, 99% used [0x00000000c0000000,0x00000000ca165040,0x00000000ca180000)
 Metaspace       used 68407K, committed 69824K, reserved 1114112K
  class space    used 7278K, committed 7872K, reserved 1048576K
}
Event: 45.593 GC heap before
{Heap before GC invocations=205 (full 3):
 PSYoungGen      total 3584K, used 3227K [0x00000000eab00000, 0x00000000eaf80000, 0x0000000100000000)
  eden space 2560K, 100% used [0x00000000eab00000,0x00000000ead80000,0x00000000ead80000)
  from space 1024K, 65% used [0x00000000ead80000,0x00000000eae26e78,0x00000000eae80000)
  to   space 1024K, 0% used [0x00000000eae80000,0x00000000eae80000,0x00000000eaf80000)
 ParOldGen       total 165376K, used 165268K [0x00000000c0000000, 0x00000000ca180000, 0x00000000eab00000)
  object space 165376K, 99% used [0x00000000c0000000,0x00000000ca165040,0x00000000ca180000)
 Metaspace       used 68407K, committed 69824K, reserved 1114112K
  class space    used 7278K, committed 7872K, reserved 1048576K
}
Event: 45.596 GC heap after
{Heap after GC invocations=205 (full 3):
 PSYoungGen      total 3584K, used 705K [0x00000000eab00000, 0x00000000eaf80000, 0x0000000100000000)
  eden space 2560K, 0% used [0x00000000eab00000,0x00000000eab00000,0x00000000ead80000)
  from space 1024K, 68% used [0x00000000eae80000,0x00000000eaf30788,0x00000000eaf80000)
  to   space 1024K, 0% used [0x00000000ead80000,0x00000000ead80000,0x00000000eae80000)
 ParOldGen       total 165888K, used 165852K [0x00000000c0000000, 0x00000000ca200000, 0x00000000eab00000)
  object space 165888K, 99% used [0x00000000c0000000,0x00000000ca1f7380,0x00000000ca200000)
 Metaspace       used 68407K, committed 69824K, reserved 1114112K
  class space    used 7278K, committed 7872K, reserved 1048576K
}
Event: 45.609 GC heap before
{Heap before GC invocations=206 (full 3):
 PSYoungGen      total 3584K, used 3259K [0x00000000eab00000, 0x00000000eaf80000, 0x0000000100000000)
  eden space 2560K, 99% used [0x00000000eab00000,0x00000000ead7e488,0x00000000ead80000)
  from space 1024K, 68% used [0x00000000eae80000,0x00000000eaf30788,0x00000000eaf80000)
  to   space 1024K, 0% used [0x00000000ead80000,0x00000000ead80000,0x00000000eae80000)
 ParOldGen       total 165888K, used 165852K [0x00000000c0000000, 0x00000000ca200000, 0x00000000eab00000)
  object space 165888K, 99% used [0x00000000c0000000,0x00000000ca1f7380,0x00000000ca200000)
 Metaspace       used 68407K, committed 69824K, reserved 1114112K
  class space    used 7278K, committed 7872K, reserved 1048576K
}
Event: 45.611 GC heap after
{Heap after GC invocations=206 (full 3):
 PSYoungGen      total 3584K, used 703K [0x00000000eab00000, 0x00000000eaf80000, 0x0000000100000000)
  eden space 2560K, 0% used [0x00000000eab00000,0x00000000eab00000,0x00000000ead80000)
  from space 1024K, 68% used [0x00000000ead80000,0x00000000eae2fcd8,0x00000000eae80000)
  to   space 1024K, 0% used [0x00000000eae80000,0x00000000eae80000,0x00000000eaf80000)
 ParOldGen       total 166912K, used 166493K [0x00000000c0000000, 0x00000000ca300000, 0x00000000eab00000)
  object space 166912K, 99% used [0x00000000c0000000,0x00000000ca2977f0,0x00000000ca300000)
 Metaspace       used 68407K, committed 69824K, reserved 1114112K
  class space    used 7278K, committed 7872K, reserved 1048576K
}
Event: 45.632 GC heap before
{Heap before GC invocations=207 (full 3):
 PSYoungGen      total 3584K, used 3263K [0x00000000eab00000, 0x00000000eaf80000, 0x0000000100000000)
  eden space 2560K, 100% used [0x00000000eab00000,0x00000000ead80000,0x00000000ead80000)
  from space 1024K, 68% used [0x00000000ead80000,0x00000000eae2fcd8,0x00000000eae80000)
  to   space 1024K, 0% used [0x00000000eae80000,0x00000000eae80000,0x00000000eaf80000)
 ParOldGen       total 166912K, used 166493K [0x00000000c0000000, 0x00000000ca300000, 0x00000000eab00000)
  object space 166912K, 99% used [0x00000000c0000000,0x00000000ca2977f0,0x00000000ca300000)
 Metaspace       used 68407K, committed 69824K, reserved 1114112K
  class space    used 7278K, committed 7872K, reserved 1048576K
}
Event: 45.635 GC heap after
{Heap after GC invocations=207 (full 3):
 PSYoungGen      total 3584K, used 659K [0x00000000eab00000, 0x00000000eaf80000, 0x0000000100000000)
  eden space 2560K, 0% used [0x00000000eab00000,0x00000000eab00000,0x00000000ead80000)
  from space 1024K, 64% used [0x00000000eae80000,0x00000000eaf24c18,0x00000000eaf80000)
  to   space 1024K, 0% used [0x00000000ead80000,0x00000000ead80000,0x00000000eae80000)
 ParOldGen       total 167424K, used 167149K [0x00000000c0000000, 0x00000000ca380000, 0x00000000eab00000)
  object space 167424K, 99% used [0x00000000c0000000,0x00000000ca33b658,0x00000000ca380000)
 Metaspace       used 68407K, committed 69824K, reserved 1114112K
  class space    used 7278K, committed 7872K, reserved 1048576K
}
Event: 45.648 GC heap before
{Heap before GC invocations=208 (full 3):
 PSYoungGen      total 3584K, used 3219K [0x00000000eab00000, 0x00000000eaf80000, 0x0000000100000000)
  eden space 2560K, 100% used [0x00000000eab00000,0x00000000ead80000,0x00000000ead80000)
  from space 1024K, 64% used [0x00000000eae80000,0x00000000eaf24c18,0x00000000eaf80000)
  to   space 1024K, 0% used [0x00000000ead80000,0x00000000ead80000,0x00000000eae80000)
 ParOldGen       total 167424K, used 167149K [0x00000000c0000000, 0x00000000ca380000, 0x00000000eab00000)
  object space 167424K, 99% used [0x00000000c0000000,0x00000000ca33b658,0x00000000ca380000)
 Metaspace       used 68407K, committed 69824K, reserved 1114112K
  class space    used 7278K, committed 7872K, reserved 1048576K
}
Event: 45.651 GC heap after
{Heap after GC invocations=208 (full 3):
 PSYoungGen      total 3584K, used 681K [0x00000000eab00000, 0x00000000eaf80000, 0x0000000100000000)
  eden space 2560K, 0% used [0x00000000eab00000,0x00000000eab00000,0x00000000ead80000)
  from space 1024K, 66% used [0x00000000ead80000,0x00000000eae2a548,0x00000000eae80000)
  to   space 1024K, 0% used [0x00000000eae80000,0x00000000eae80000,0x00000000eaf80000)
 ParOldGen       total 167936K, used 167780K [0x00000000c0000000, 0x00000000ca400000, 0x00000000eab00000)
  object space 167936K, 99% used [0x00000000c0000000,0x00000000ca3d9388,0x00000000ca400000)
 Metaspace       used 68407K, committed 69824K, reserved 1114112K
  class space    used 7278K, committed 7872K, reserved 1048576K
}
Event: 45.673 GC heap before
{Heap before GC invocations=209 (full 3):
 PSYoungGen      total 3584K, used 3241K [0x00000000eab00000, 0x00000000eaf80000, 0x0000000100000000)
  eden space 2560K, 100% used [0x00000000eab00000,0x00000000ead80000,0x00000000ead80000)
  from space 1024K, 66% used [0x00000000ead80000,0x00000000eae2a548,0x00000000eae80000)
  to   space 1024K, 0% used [0x00000000eae80000,0x00000000eae80000,0x00000000eaf80000)
 ParOldGen       total 167936K, used 167780K [0x00000000c0000000, 0x00000000ca400000, 0x00000000eab00000)
  object space 167936K, 99% used [0x00000000c0000000,0x00000000ca3d9388,0x00000000ca400000)
 Metaspace       used 68407K, committed 69824K, reserved 1114112K
  class space    used 7278K, committed 7872K, reserved 1048576K
}
Event: 45.676 GC heap after
{Heap after GC invocations=209 (full 3):
 PSYoungGen      total 3584K, used 630K [0x00000000eab00000, 0x00000000eaf80000, 0x0000000100000000)
  eden space 2560K, 0% used [0x00000000eab00000,0x00000000eab00000,0x00000000ead80000)
  from space 1024K, 61% used [0x00000000eae80000,0x00000000eaf1d820,0x00000000eaf80000)
  to   space 1024K, 0% used [0x00000000ead80000,0x00000000ead80000,0x00000000eae80000)
 ParOldGen       total 168448K, used 168404K [0x00000000c0000000, 0x00000000ca480000, 0x00000000eab00000)
  object space 168448K, 99% used [0x00000000c0000000,0x00000000ca475088,0x00000000ca480000)
 Metaspace       used 68407K, committed 69824K, reserved 1114112K
  class space    used 7278K, committed 7872K, reserved 1048576K
}
Event: 45.689 GC heap before
{Heap before GC invocations=210 (full 3):
 PSYoungGen      total 3584K, used 3190K [0x00000000eab00000, 0x00000000eaf80000, 0x0000000100000000)
  eden space 2560K, 100% used [0x00000000eab00000,0x00000000ead80000,0x00000000ead80000)
  from space 1024K, 61% used [0x00000000eae80000,0x00000000eaf1d820,0x00000000eaf80000)
  to   space 1024K, 0% used [0x00000000ead80000,0x00000000ead80000,0x00000000eae80000)
 ParOldGen       total 168448K, used 168404K [0x00000000c0000000, 0x00000000ca480000, 0x00000000eab00000)
  object space 168448K, 99% used [0x00000000c0000000,0x00000000ca475088,0x00000000ca480000)
 Metaspace       used 68407K, committed 69824K, reserved 1114112K
  class space    used 7278K, committed 7872K, reserved 1048576K
}
Event: 45.693 GC heap after
{Heap after GC invocations=210 (full 3):
 PSYoungGen      total 3584K, used 768K [0x00000000eab00000, 0x00000000eaf80000, 0x0000000100000000)
  eden space 2560K, 0% used [0x00000000eab00000,0x00000000eab00000,0x00000000ead80000)
  from space 1024K, 75% used [0x00000000ead80000,0x00000000eae40298,0x00000000eae80000)
  to   space 1024K, 0% used [0x00000000eae80000,0x00000000eae80000,0x00000000eaf80000)
 ParOldGen       total 169472K, used 168990K [0x00000000c0000000, 0x00000000ca580000, 0x00000000eab00000)
  object space 169472K, 99% used [0x00000000c0000000,0x00000000ca507860,0x00000000ca580000)
 Metaspace       used 68407K, committed 69824K, reserved 1114112K
  class space    used 7278K, committed 7872K, reserved 1048576K
}
Event: 45.709 GC heap before
{Heap before GC invocations=211 (full 3):
 PSYoungGen      total 3584K, used 3328K [0x00000000eab00000, 0x00000000eaf80000, 0x0000000100000000)
  eden space 2560K, 100% used [0x00000000eab00000,0x00000000ead80000,0x00000000ead80000)
  from space 1024K, 75% used [0x00000000ead80000,0x00000000eae40298,0x00000000eae80000)
  to   space 1024K, 0% used [0x00000000eae80000,0x00000000eae80000,0x00000000eaf80000)
 ParOldGen       total 169472K, used 168990K [0x00000000c0000000, 0x00000000ca580000, 0x00000000eab00000)
  object space 169472K, 99% used [0x00000000c0000000,0x00000000ca507860,0x00000000ca580000)
 Metaspace       used 68407K, committed 69824K, reserved 1114112K
  class space    used 7278K, committed 7872K, reserved 1048576K
}
Event: 45.712 GC heap after
{Heap after GC invocations=211 (full 3):
 PSYoungGen      total 3584K, used 684K [0x00000000eab00000, 0x00000000eaf80000, 0x0000000100000000)
  eden space 2560K, 0% used [0x00000000eab00000,0x00000000eab00000,0x00000000ead80000)
  from space 1024K, 66% used [0x00000000eae80000,0x00000000eaf2b0c0,0x00000000eaf80000)
  to   space 1024K, 0% used [0x00000000ead80000,0x00000000ead80000,0x00000000eae80000)
 ParOldGen       total 169984K, used 169664K [0x00000000c0000000, 0x00000000ca600000, 0x00000000eab00000)
  object space 169984K, 99% used [0x00000000c0000000,0x00000000ca5b0130,0x00000000ca600000)
 Metaspace       used 68407K, committed 69824K, reserved 1114112K
  class space    used 7278K, committed 7872K, reserved 1048576K
}
Event: 45.734 GC heap before
{Heap before GC invocations=212 (full 3):
 PSYoungGen      total 3584K, used 3244K [0x00000000eab00000, 0x00000000eaf80000, 0x0000000100000000)
  eden space 2560K, 100% used [0x00000000eab00000,0x00000000ead80000,0x00000000ead80000)
  from space 1024K, 66% used [0x00000000eae80000,0x00000000eaf2b0c0,0x00000000eaf80000)
  to   space 1024K, 0% used [0x00000000ead80000,0x00000000ead80000,0x00000000eae80000)
 ParOldGen       total 169984K, used 169664K [0x00000000c0000000, 0x00000000ca600000, 0x00000000eab00000)
  object space 169984K, 99% used [0x00000000c0000000,0x00000000ca5b0130,0x00000000ca600000)
 Metaspace       used 68407K, committed 69824K, reserved 1114112K
  class space    used 7278K, committed 7872K, reserved 1048576K
}
Event: 45.740 GC heap after
{Heap after GC invocations=212 (full 3):
 PSYoungGen      total 3584K, used 678K [0x00000000eab00000, 0x00000000eaf80000, 0x0000000100000000)
  eden space 2560K, 0% used [0x00000000eab00000,0x00000000eab00000,0x00000000ead80000)
  from space 1024K, 66% used [0x00000000ead80000,0x00000000eae29880,0x00000000eae80000)
  to   space 1024K, 0% used [0x00000000eae80000,0x00000000eae80000,0x00000000eaf80000)
 ParOldGen       total 170496K, used 170275K [0x00000000c0000000, 0x00000000ca680000, 0x00000000eab00000)
  object space 170496K, 99% used [0x00000000c0000000,0x00000000ca648f90,0x00000000ca680000)
 Metaspace       used 68407K, committed 69824K, reserved 1114112K
  class space    used 7278K, committed 7872K, reserved 1048576K
}
Event: 45.757 GC heap before
{Heap before GC invocations=213 (full 3):
 PSYoungGen      total 3584K, used 3238K [0x00000000eab00000, 0x00000000eaf80000, 0x0000000100000000)
  eden space 2560K, 100% used [0x00000000eab00000,0x00000000ead80000,0x00000000ead80000)
  from space 1024K, 66% used [0x00000000ead80000,0x00000000eae29880,0x00000000eae80000)
  to   space 1024K, 0% used [0x00000000eae80000,0x00000000eae80000,0x00000000eaf80000)
 ParOldGen       total 170496K, used 170275K [0x00000000c0000000, 0x00000000ca680000, 0x00000000eab00000)
  object space 170496K, 99% used [0x00000000c0000000,0x00000000ca648f90,0x00000000ca680000)
 Metaspace       used 68407K, committed 69824K, reserved 1114112K
  class space    used 7278K, committed 7872K, reserved 1048576K
}
Event: 45.762 GC heap after
{Heap after GC invocations=213 (full 3):
 PSYoungGen      total 3584K, used 640K [0x00000000eab00000, 0x00000000eaf80000, 0x0000000100000000)
  eden space 2560K, 0% used [0x00000000eab00000,0x00000000eab00000,0x00000000ead80000)
  from space 1024K, 62% used [0x00000000eae80000,0x00000000eaf20000,0x00000000eaf80000)
  to   space 1024K, 0% used [0x00000000ead80000,0x00000000ead80000,0x00000000eae80000)
 ParOldGen       total 171008K, used 170906K [0x00000000c0000000, 0x00000000ca700000, 0x00000000eab00000)
  object space 171008K, 99% used [0x00000000c0000000,0x00000000ca6e6850,0x00000000ca700000)
 Metaspace       used 68407K, committed 69824K, reserved 1114112K
  class space    used 7278K, committed 7872K, reserved 1048576K
}

